[0.103s] DEBUG:colcon:Command line arguments: ['/usr/bin/colcon', 'build']
[0.103s] DEBUG:colcon:Parsed command line arguments: Namespace(log_base=None, log_level=None, verb_name='build', build_base='build', install_base='install', merge_install=False, symlink_install=False, test_result_base=None, continue_on_error=False, executor='parallel', parallel_workers=16, event_handlers=None, ignore_user_meta=False, metas=['./colcon.meta'], base_paths=['.'], packages_ignore=None, packages_ignore_regex=None, paths=None, packages_up_to=None, packages_up_to_regex=None, packages_above=None, packages_above_and_dependencies=None, packages_above_depth=None, packages_select_by_dep=None, packages_skip_by_dep=None, packages_skip_up_to=None, packages_select_build_failed=False, packages_skip_build_finished=False, packages_select_test_failures=False, packages_skip_test_passed=False, packages_select=None, packages_skip=None, packages_select_regex=None, packages_skip_regex=None, packages_start=None, packages_end=None, cmake_args=None, cmake_target=None, cmake_target_skip_unavailable=False, cmake_clean_cache=False, cmake_clean_first=False, cmake_force_configure=False, ament_cmake_args=None, catkin_cmake_args=None, catkin_skip_building_tests=False, mixin_files=None, mixin=None, verb_parser=<colcon_mixin.mixin.mixin_argument.MixinArgumentDecorator object at 0x7f2ad2ec2ce0>, verb_extension=<colcon_core.verb.build.BuildVerb object at 0x7f2ad300fc10>, main=<bound method BuildVerb.main of <colcon_core.verb.build.BuildVerb object at 0x7f2ad300fc10>>, mixin_verb=('build',))
[0.193s] Level 1:colcon.colcon_core.package_discovery:discover_packages(colcon_meta) check parameters
[0.193s] Level 1:colcon.colcon_core.package_discovery:discover_packages(recursive) check parameters
[0.193s] Level 1:colcon.colcon_core.package_discovery:discover_packages(ignore) check parameters
[0.193s] Level 1:colcon.colcon_core.package_discovery:discover_packages(path) check parameters
[0.193s] Level 1:colcon.colcon_core.package_discovery:discover_packages(colcon_meta) discover
[0.193s] Level 1:colcon.colcon_core.package_discovery:discover_packages(recursive) discover
[0.193s] INFO:colcon.colcon_core.package_discovery:Crawling recursively for packages in '/home/lunarz/roboboat_ws/src'
[0.193s] Level 1:colcon.colcon_core.package_identification:_identify(.) by extensions ['ignore', 'ignore_ament_install']
[0.193s] Level 1:colcon.colcon_core.package_identification:_identify(.) by extension 'ignore'
[0.193s] Level 1:colcon.colcon_core.package_identification:_identify(.) by extension 'ignore_ament_install'
[0.193s] Level 1:colcon.colcon_core.package_identification:_identify(.) by extensions ['colcon_pkg']
[0.193s] Level 1:colcon.colcon_core.package_identification:_identify(.) by extension 'colcon_pkg'
[0.193s] Level 1:colcon.colcon_core.package_identification:_identify(.) by extensions ['colcon_meta']
[0.194s] Level 1:colcon.colcon_core.package_identification:_identify(.) by extension 'colcon_meta'
[0.194s] Level 1:colcon.colcon_core.package_identification:_identify(.) by extensions ['ros']
[0.194s] Level 1:colcon.colcon_core.package_identification:_identify(.) by extension 'ros'
[0.206s] Level 1:colcon.colcon_core.package_identification:_identify(.) by extensions ['cmake', 'python']
[0.207s] Level 1:colcon.colcon_core.package_identification:_identify(.) by extension 'cmake'
[0.207s] Level 1:colcon.colcon_core.package_identification:_identify(.) by extension 'python'
[0.207s] Level 1:colcon.colcon_core.package_identification:_identify(.) by extensions ['python_setup_py']
[0.207s] Level 1:colcon.colcon_core.package_identification:_identify(.) by extension 'python_setup_py'
[0.207s] Level 1:colcon.colcon_core.package_identification:_identify(build) by extensions ['ignore', 'ignore_ament_install']
[0.207s] Level 1:colcon.colcon_core.package_identification:_identify(build) by extension 'ignore'
[0.207s] Level 1:colcon.colcon_core.package_identification:_identify(build) ignored
[0.207s] Level 1:colcon.colcon_core.package_identification:_identify(install) by extensions ['ignore', 'ignore_ament_install']
[0.207s] Level 1:colcon.colcon_core.package_identification:_identify(install) by extension 'ignore'
[0.207s] Level 1:colcon.colcon_core.package_identification:_identify(install) ignored
[0.207s] Level 1:colcon.colcon_core.package_identification:_identify(log) by extensions ['ignore', 'ignore_ament_install']
[0.207s] Level 1:colcon.colcon_core.package_identification:_identify(log) by extension 'ignore'
[0.207s] Level 1:colcon.colcon_core.package_identification:_identify(log) ignored
[0.207s] Level 1:colcon.colcon_core.package_identification:_identify(ros2-slam-auto-navigation) by extensions ['ignore', 'ignore_ament_install']
[0.208s] Level 1:colcon.colcon_core.package_identification:_identify(ros2-slam-auto-navigation) by extension 'ignore'
[0.208s] Level 1:colcon.colcon_core.package_identification:_identify(ros2-slam-auto-navigation) by extension 'ignore_ament_install'
[0.208s] Level 1:colcon.colcon_core.package_identification:_identify(ros2-slam-auto-navigation) by extensions ['colcon_pkg']
[0.208s] Level 1:colcon.colcon_core.package_identification:_identify(ros2-slam-auto-navigation) by extension 'colcon_pkg'
[0.208s] Level 1:colcon.colcon_core.package_identification:_identify(ros2-slam-auto-navigation) by extensions ['colcon_meta']
[0.208s] Level 1:colcon.colcon_core.package_identification:_identify(ros2-slam-auto-navigation) by extension 'colcon_meta'
[0.208s] Level 1:colcon.colcon_core.package_identification:_identify(ros2-slam-auto-navigation) by extensions ['ros']
[0.208s] Level 1:colcon.colcon_core.package_identification:_identify(ros2-slam-auto-navigation) by extension 'ros'
[0.212s] DEBUG:colcon.colcon_core.package_identification:Package 'ros2-slam-auto-navigation' with type 'ros.ament_cmake' and name 'ros2_slam_auto_navigation'
[0.212s] Level 1:colcon.colcon_core.package_discovery:discover_packages(recursive) using defaults
[0.212s] Level 1:colcon.colcon_core.package_discovery:discover_packages(ignore) discover
[0.212s] Level 1:colcon.colcon_core.package_discovery:discover_packages(ignore) using defaults
[0.212s] Level 1:colcon.colcon_core.package_discovery:discover_packages(path) discover
[0.212s] Level 1:colcon.colcon_core.package_discovery:discover_packages(path) using defaults
[0.234s] Level 5:colcon.colcon_core.verb:set package 'ros2_slam_auto_navigation' build argument 'cmake_args' from command line to 'None'
[0.234s] Level 5:colcon.colcon_core.verb:set package 'ros2_slam_auto_navigation' build argument 'cmake_target' from command line to 'None'
[0.234s] Level 5:colcon.colcon_core.verb:set package 'ros2_slam_auto_navigation' build argument 'cmake_target_skip_unavailable' from command line to 'False'
[0.234s] Level 5:colcon.colcon_core.verb:set package 'ros2_slam_auto_navigation' build argument 'cmake_clean_cache' from command line to 'False'
[0.234s] Level 5:colcon.colcon_core.verb:set package 'ros2_slam_auto_navigation' build argument 'cmake_clean_first' from command line to 'False'
[0.234s] Level 5:colcon.colcon_core.verb:set package 'ros2_slam_auto_navigation' build argument 'cmake_force_configure' from command line to 'False'
[0.234s] Level 5:colcon.colcon_core.verb:set package 'ros2_slam_auto_navigation' build argument 'ament_cmake_args' from command line to 'None'
[0.234s] Level 5:colcon.colcon_core.verb:set package 'ros2_slam_auto_navigation' build argument 'catkin_cmake_args' from command line to 'None'
[0.234s] Level 5:colcon.colcon_core.verb:set package 'ros2_slam_auto_navigation' build argument 'catkin_skip_building_tests' from command line to 'False'
[0.234s] DEBUG:colcon.colcon_core.verb:Building package 'ros2_slam_auto_navigation' with the following arguments: {'ament_cmake_args': None, 'build_base': '/home/lunarz/roboboat_ws/src/build/ros2_slam_auto_navigation', 'catkin_cmake_args': None, 'catkin_skip_building_tests': False, 'cmake_args': None, 'cmake_clean_cache': False, 'cmake_clean_first': False, 'cmake_force_configure': False, 'cmake_target': None, 'cmake_target_skip_unavailable': False, 'install_base': '/home/lunarz/roboboat_ws/src/install/ros2_slam_auto_navigation', 'merge_install': False, 'path': '/home/lunarz/roboboat_ws/src/ros2-slam-auto-navigation', 'symlink_install': False, 'test_result_base': None}
[0.234s] INFO:colcon.colcon_core.executor:Executing jobs using 'parallel' executor
[0.236s] DEBUG:colcon.colcon_parallel_executor.executor.parallel:run_until_complete
[0.236s] INFO:colcon.colcon_ros.task.ament_cmake.build:Building ROS package in '/home/lunarz/roboboat_ws/src/ros2-slam-auto-navigation' with build type 'ament_cmake'
[0.236s] INFO:colcon.colcon_cmake.task.cmake.build:Building CMake package in '/home/lunarz/roboboat_ws/src/ros2-slam-auto-navigation'
[0.238s] INFO:colcon.colcon_core.plugin_system:Skipping extension 'colcon_core.shell.bat': Not used on non-Windows systems
[0.238s] INFO:colcon.colcon_core.shell:Skip shell extension 'powershell' for command environment: Not usable outside of PowerShell
[0.238s] DEBUG:colcon.colcon_core.shell:Skip shell extension 'dsv' for command environment
[0.247s] DEBUG:colcon.colcon_core.event_handler.log_command:Invoking command in '/home/lunarz/roboboat_ws/src/build/ros2_slam_auto_navigation': /usr/bin/cmake /home/lunarz/roboboat_ws/src/ros2-slam-auto-navigation -DCMAKE_INSTALL_PREFIX=/home/lunarz/roboboat_ws/src/install/ros2_slam_auto_navigation
[0.820s] DEBUG:colcon.colcon_core.event_handler.log_command:Invoked command in '/home/lunarz/roboboat_ws/src/build/ros2_slam_auto_navigation' returned '1': /usr/bin/cmake /home/lunarz/roboboat_ws/src/ros2-slam-auto-navigation -DCMAKE_INSTALL_PREFIX=/home/lunarz/roboboat_ws/src/install/ros2_slam_auto_navigation
[0.836s] Level 1:colcon.colcon_core.environment:create_environment_scripts_only(ros2_slam_auto_navigation)
[0.842s] Level 1:colcon.colcon_core.environment:checking '/home/lunarz/roboboat_ws/src/install/ros2_slam_auto_navigation' for CMake module files
[0.843s] Level 1:colcon.colcon_core.environment:checking '/home/lunarz/roboboat_ws/src/install/ros2_slam_auto_navigation' for CMake config files
[0.844s] Level 1:colcon.colcon_core.environment:checking '/home/lunarz/roboboat_ws/src/install/ros2_slam_auto_navigation/bin'
[0.844s] Level 1:colcon.colcon_core.environment:checking '/home/lunarz/roboboat_ws/src/install/ros2_slam_auto_navigation/lib/pkgconfig/ros2_slam_auto_navigation.pc'
[0.847s] Level 1:colcon.colcon_core.environment:checking '/home/lunarz/roboboat_ws/src/install/ros2_slam_auto_navigation/lib/python3.10/site-packages'
[0.847s] Level 1:colcon.colcon_core.environment:checking '/home/lunarz/roboboat_ws/src/install/ros2_slam_auto_navigation/bin'
[0.848s] INFO:colcon.colcon_core.shell:Creating package script '/home/lunarz/roboboat_ws/src/install/ros2_slam_auto_navigation/share/ros2_slam_auto_navigation/package.ps1'
[0.849s] INFO:colcon.colcon_core.shell:Creating package descriptor '/home/lunarz/roboboat_ws/src/install/ros2_slam_auto_navigation/share/ros2_slam_auto_navigation/package.dsv'
[0.850s] INFO:colcon.colcon_core.shell:Creating package script '/home/lunarz/roboboat_ws/src/install/ros2_slam_auto_navigation/share/ros2_slam_auto_navigation/package.sh'
[0.852s] INFO:colcon.colcon_core.shell:Creating package script '/home/lunarz/roboboat_ws/src/install/ros2_slam_auto_navigation/share/ros2_slam_auto_navigation/package.bash'
[0.853s] INFO:colcon.colcon_core.shell:Creating package script '/home/lunarz/roboboat_ws/src/install/ros2_slam_auto_navigation/share/ros2_slam_auto_navigation/package.zsh'
[0.855s] Level 1:colcon.colcon_core.environment:create_file_with_runtime_dependencies(/home/lunarz/roboboat_ws/src/install/ros2_slam_auto_navigation/share/colcon-core/packages/ros2_slam_auto_navigation)
[0.866s] DEBUG:colcon.colcon_parallel_executor.executor.parallel:closing loop
[0.866s] DEBUG:colcon.colcon_parallel_executor.executor.parallel:loop closed
[0.866s] DEBUG:colcon.colcon_parallel_executor.executor.parallel:run_until_complete finished with '1'
[0.866s] DEBUG:colcon.colcon_core.event_reactor:joining thread
[0.876s] INFO:colcon.colcon_core.plugin_system:Skipping extension 'colcon_notification.desktop_notification.notify_send': Could not find 'notify-send'
[0.876s] INFO:colcon.colcon_core.plugin_system:Skipping extension 'colcon_notification.desktop_notification.terminal_notifier': Not used on non-Darwin systems
[0.877s] INFO:colcon.colcon_core.plugin_system:Skipping extension 'colcon_notification.desktop_notification.win32': Not used on non-Windows systems
[0.877s] INFO:colcon.colcon_notification.desktop_notification:Sending desktop notification using 'notify2'
[0.880s] DEBUG:colcon.colcon_notification.desktop_notification.notify2:Failed to initialize notify2: org.freedesktop.DBus.Error.Spawn.ExecFailed: /usr/bin/dbus-launch terminated abnormally without any error message
[0.881s] DEBUG:colcon.colcon_core.event_reactor:joined thread
[0.882s] INFO:colcon.colcon_core.shell:Creating prefix script '/home/lunarz/roboboat_ws/src/install/local_setup.ps1'
[0.885s] INFO:colcon.colcon_core.shell:Creating prefix util module '/home/lunarz/roboboat_ws/src/install/_local_setup_util_ps1.py'
[0.889s] INFO:colcon.colcon_core.shell:Creating prefix chain script '/home/lunarz/roboboat_ws/src/install/setup.ps1'
[0.891s] INFO:colcon.colcon_core.shell:Creating prefix script '/home/lunarz/roboboat_ws/src/install/local_setup.sh'
[0.892s] INFO:colcon.colcon_core.shell:Creating prefix util module '/home/lunarz/roboboat_ws/src/install/_local_setup_util_sh.py'
[0.893s] INFO:colcon.colcon_core.shell:Creating prefix chain script '/home/lunarz/roboboat_ws/src/install/setup.sh'
[0.894s] INFO:colcon.colcon_core.shell:Creating prefix script '/home/lunarz/roboboat_ws/src/install/local_setup.bash'
[0.895s] INFO:colcon.colcon_core.shell:Creating prefix chain script '/home/lunarz/roboboat_ws/src/install/setup.bash'
[0.897s] INFO:colcon.colcon_core.shell:Creating prefix script '/home/lunarz/roboboat_ws/src/install/local_setup.zsh'
[0.898s] INFO:colcon.colcon_core.shell:Creating prefix chain script '/home/lunarz/roboboat_ws/src/install/setup.zsh'
