[0.010s] Invoking command in '/home/lunarz/roboboat_ws/src/build/ros2_slam_auto_navigation': /usr/bin/cmake /home/lunarz/roboboat_ws/src/ros2-slam-auto-navigation -DCMAKE_INSTALL_PREFIX=/home/lunarz/roboboat_ws/src/install/ros2_slam_auto_navigation
[0.155s] -- The C compiler identification is GNU 11.4.0
[0.281s] -- The CXX compiler identification is GNU 11.4.0
[0.296s] -- Detecting C compiler ABI info
[0.391s] -- Detecting C compiler ABI info - done
[0.402s] -- Check for working C compiler: /usr/bin/cc - skipped
[0.404s] -- Detecting C compile features
[0.405s] -- Detecting C compile features - done
[0.411s] -- Detecting CXX compiler ABI info
[0.541s] -- Detecting CXX compiler ABI info - done
[0.555s] -- Check for working CXX compiler: /usr/bin/c++ - skipped
[0.556s] -- Detecting CXX compile features
[0.556s] -- Detecting CXX compile features - done
[0.579s] [31mCMake Error at CMakeLists.txt:19 (find_package):
[0.579s]   By not providing "Findament_cmake.cmake" in CMAKE_MODULE_PATH this project
[0.579s]   has asked CMake to find a package configuration file provided by
[0.579s]   "ament_cmake", but CMake did not find one.
[0.579s] 
[0.579s]   Could not find a package configuration file provided by "ament_cmake" with
[0.579s]   any of the following names:
[0.579s] 
[0.579s]     ament_cmakeConfig.cmake
[0.579s]     ament_cmake-config.cmake
[0.579s] 
[0.580s]   Add the installation prefix of "ament_cmake" to CMAKE_PREFIX_PATH or set
[0.580s]   "ament_cmake_DIR" to a directory containing one of the above files.  If
[0.580s]   "ament_cmake" provides a separate development package or SDK, be sure it
[0.580s]   has been installed.
[0.580s] 
[0.580s] [0m
[0.580s] -- Configuring incomplete, errors occurred!
[0.580s] See also "/home/lunarz/roboboat_ws/src/build/ros2_slam_auto_navigation/CMakeFiles/CMakeOutput.log".
[0.583s] Invoked command in '/home/lunarz/roboboat_ws/src/build/ros2_slam_auto_navigation' returned '1': /usr/bin/cmake /home/lunarz/roboboat_ws/src/ros2-slam-auto-navigation -DCMAKE_INSTALL_PREFIX=/home/lunarz/roboboat_ws/src/install/ros2_slam_auto_navigation
