[0.012s] Invoking command in '/home/lunarz/roboboat_ws/src/build/ros2_slam_auto_navigation': CMAKE_PREFIX_PATH=/opt/ros/humble /usr/bin/cmake /home/lunarz/roboboat_ws/src/ros2-slam-auto-navigation -DCMAKE_INSTALL_PREFIX=/home/lunarz/roboboat_ws/src/install/ros2_slam_auto_navigation
[0.039s] -- Found ament_cmake: 1.3.12 (/opt/ros/humble/share/ament_cmake/cmake)
[0.254s] -- Found Python3: /usr/bin/python3 (found version "3.10.12") found components: Interpreter 
[0.392s] -- Found ament_lint_auto: 0.12.14 (/opt/ros/humble/share/ament_lint_auto/cmake)
[0.513s] -- Added test 'copyright' to check source files copyright and LICENSE
[0.549s] -- Added test 'flake8' to check Python code syntax and style conventions
[0.553s] -- Added test 'lint_cmake' to check CMake code style
[0.556s] -- Added test 'pep257' to check Python code against some of the docstring style conventions in PEP 257
[0.570s] -- Added test 'xmllint' to check XML markup files
[0.573s] -- Configuring done
[0.576s] -- Generating done
[0.579s] -- Build files have been written to: /home/lunarz/roboboat_ws/src/build/ros2_slam_auto_navigation
[0.586s] Invoked command in '/home/lunarz/roboboat_ws/src/build/ros2_slam_auto_navigation' returned '0': CMAKE_PREFIX_PATH=/opt/ros/humble /usr/bin/cmake /home/lunarz/roboboat_ws/src/ros2-slam-auto-navigation -DCMAKE_INSTALL_PREFIX=/home/lunarz/roboboat_ws/src/install/ros2_slam_auto_navigation
[0.586s] Invoking command in '/home/lunarz/roboboat_ws/src/build/ros2_slam_auto_navigation': CMAKE_PREFIX_PATH=/opt/ros/humble /usr/bin/cmake --build /home/lunarz/roboboat_ws/src/build/ros2_slam_auto_navigation -- -j16 -l16
[0.651s] Invoked command in '/home/lunarz/roboboat_ws/src/build/ros2_slam_auto_navigation' returned '0': CMAKE_PREFIX_PATH=/opt/ros/humble /usr/bin/cmake --build /home/lunarz/roboboat_ws/src/build/ros2_slam_auto_navigation -- -j16 -l16
[0.666s] Invoking command in '/home/lunarz/roboboat_ws/src/build/ros2_slam_auto_navigation': CMAKE_PREFIX_PATH=/opt/ros/humble /usr/bin/cmake --install /home/lunarz/roboboat_ws/src/build/ros2_slam_auto_navigation
[0.675s] -- Install configuration: ""
[0.676s] -- Installing: /home/lunarz/roboboat_ws/src/install/ros2_slam_auto_navigation/share/ros2_slam_auto_navigation/config
[0.676s] -- Installing: /home/lunarz/roboboat_ws/src/install/ros2_slam_auto_navigation/share/ros2_slam_auto_navigation/config/gazebo_params.yaml
[0.676s] -- Installing: /home/lunarz/roboboat_ws/src/install/ros2_slam_auto_navigation/share/ros2_slam_auto_navigation/config/twist_mux.yaml
[0.676s] -- Installing: /home/lunarz/roboboat_ws/src/install/ros2_slam_auto_navigation/share/ros2_slam_auto_navigation/config/my_controller.yaml
[0.676s] -- Installing: /home/lunarz/roboboat_ws/src/install/ros2_slam_auto_navigation/share/ros2_slam_auto_navigation/config/mapper_params_online_async.yaml
[0.676s] -- Installing: /home/lunarz/roboboat_ws/src/install/ros2_slam_auto_navigation/share/ros2_slam_auto_navigation/description
[0.676s] -- Installing: /home/lunarz/roboboat_ws/src/install/ros2_slam_auto_navigation/share/ros2_slam_auto_navigation/description/gazebo_control.xacro
[0.676s] -- Installing: /home/lunarz/roboboat_ws/src/install/ros2_slam_auto_navigation/share/ros2_slam_auto_navigation/description/robot_base.xacro
[0.677s] -- Installing: /home/lunarz/roboboat_ws/src/install/ros2_slam_auto_navigation/share/ros2_slam_auto_navigation/description/robot.urdf.xacro
[0.677s] -- Installing: /home/lunarz/roboboat_ws/src/install/ros2_slam_auto_navigation/share/ros2_slam_auto_navigation/description/depth_camera.xacro
[0.677s] -- Installing: /home/lunarz/roboboat_ws/src/install/ros2_slam_auto_navigation/share/ros2_slam_auto_navigation/description/ros2_control.xacro
[0.677s] -- Installing: /home/lunarz/roboboat_ws/src/install/ros2_slam_auto_navigation/share/ros2_slam_auto_navigation/description/lidar.xacro
[0.677s] -- Installing: /home/lunarz/roboboat_ws/src/install/ros2_slam_auto_navigation/share/ros2_slam_auto_navigation/description/inertial_macros.xacro
[0.677s] -- Installing: /home/lunarz/roboboat_ws/src/install/ros2_slam_auto_navigation/share/ros2_slam_auto_navigation/description/camera.xacro
[0.677s] -- Installing: /home/lunarz/roboboat_ws/src/install/ros2_slam_auto_navigation/share/ros2_slam_auto_navigation/launch
[0.677s] -- Installing: /home/lunarz/roboboat_ws/src/install/ros2_slam_auto_navigation/share/ros2_slam_auto_navigation/launch/rsp.launch.py
[0.677s] -- Installing: /home/lunarz/roboboat_ws/src/install/ros2_slam_auto_navigation/share/ros2_slam_auto_navigation/launch/launch_sim.launch.py
[0.677s] -- Installing: /home/lunarz/roboboat_ws/src/install/ros2_slam_auto_navigation/share/ros2_slam_auto_navigation/launch/slam_navigation.launch.py
[0.677s] -- Installing: /home/lunarz/roboboat_ws/src/install/ros2_slam_auto_navigation/share/ros2_slam_auto_navigation/worlds
[0.678s] -- Installing: /home/lunarz/roboboat_ws/src/install/ros2_slam_auto_navigation/share/ros2_slam_auto_navigation/worlds/simple.world
[0.678s] -- Installing: /home/lunarz/roboboat_ws/src/install/ros2_slam_auto_navigation/share/ament_index/resource_index/package_run_dependencies/ros2_slam_auto_navigation
[0.678s] -- Installing: /home/lunarz/roboboat_ws/src/install/ros2_slam_auto_navigation/share/ament_index/resource_index/parent_prefix_path/ros2_slam_auto_navigation
[0.678s] -- Installing: /home/lunarz/roboboat_ws/src/install/ros2_slam_auto_navigation/share/ros2_slam_auto_navigation/environment/ament_prefix_path.sh
[0.678s] -- Installing: /home/lunarz/roboboat_ws/src/install/ros2_slam_auto_navigation/share/ros2_slam_auto_navigation/environment/ament_prefix_path.dsv
[0.678s] -- Installing: /home/lunarz/roboboat_ws/src/install/ros2_slam_auto_navigation/share/ros2_slam_auto_navigation/environment/path.sh
[0.678s] -- Installing: /home/lunarz/roboboat_ws/src/install/ros2_slam_auto_navigation/share/ros2_slam_auto_navigation/environment/path.dsv
[0.678s] -- Installing: /home/lunarz/roboboat_ws/src/install/ros2_slam_auto_navigation/share/ros2_slam_auto_navigation/local_setup.bash
[0.678s] -- Installing: /home/lunarz/roboboat_ws/src/install/ros2_slam_auto_navigation/share/ros2_slam_auto_navigation/local_setup.sh
[0.678s] -- Installing: /home/lunarz/roboboat_ws/src/install/ros2_slam_auto_navigation/share/ros2_slam_auto_navigation/local_setup.zsh
[0.678s] -- Installing: /home/lunarz/roboboat_ws/src/install/ros2_slam_auto_navigation/share/ros2_slam_auto_navigation/local_setup.dsv
[0.678s] -- Installing: /home/lunarz/roboboat_ws/src/install/ros2_slam_auto_navigation/share/ros2_slam_auto_navigation/package.dsv
[0.679s] -- Installing: /home/lunarz/roboboat_ws/src/install/ros2_slam_auto_navigation/share/ament_index/resource_index/packages/ros2_slam_auto_navigation
[0.679s] -- Installing: /home/lunarz/roboboat_ws/src/install/ros2_slam_auto_navigation/share/ros2_slam_auto_navigation/cmake/ros2_slam_auto_navigationConfig.cmake
[0.679s] -- Installing: /home/lunarz/roboboat_ws/src/install/ros2_slam_auto_navigation/share/ros2_slam_auto_navigation/cmake/ros2_slam_auto_navigationConfig-version.cmake
[0.679s] -- Installing: /home/lunarz/roboboat_ws/src/install/ros2_slam_auto_navigation/share/ros2_slam_auto_navigation/package.xml
[0.680s] Invoked command in '/home/lunarz/roboboat_ws/src/build/ros2_slam_auto_navigation' returned '0': CMAKE_PREFIX_PATH=/opt/ros/humble /usr/bin/cmake --install /home/lunarz/roboboat_ws/src/build/ros2_slam_auto_navigation
